Date & Time of executing: Wed Feb  5 12:00:01 +0545 2025
  PID  PPID %CPU %MEM
16418 16417  100  0.0
13070 13065  3.8  2.4
13821    11  0.8  3.7
13115 13114  0.5  3.2
13565 13115  0.5  1.5
Date & Time of executing: Wed Feb  5 12:05:01 +0545 2025
  PID  PPID %CPU %MEM
18825 18824  100  0.0
13070 13065  2.0  2.4
13821    11  0.4  3.7
13575 13554  0.3  0.6
13115 13114  0.3  3.2
Date & Time of executing: Wed Feb  5 12:10:01 +0545 2025
  PID  PPID %CPU %MEM
21232 21231  100  0.0
21227 27908  9.0  0.0
13070 13065  1.3  2.4
13575 13554  0.3  0.6
13821    11  0.2  3.7
Date & Time of executing: Wed Feb  5 12:15:01 +0545 2025
  PID  PPID %CPU %MEM
23626 27908 50.0  0.0
13070 13065  1.0  2.4
13575 13554  0.3  0.6
13821    11  0.2  3.7
13573 13554  0.1  2.2
Date & Time of executing: Wed Feb  5 12:20:01 +0545 2025
  PID  PPID %CPU %MEM
26041 26040  100  0.0
26036 27908 25.0  0.0
13070 13065  0.8  2.4
13575 13554  0.3  0.6
13573 13554  0.1  2.2
Date & Time of executing: Wed Feb  5 12:25:01 +0545 2025
  PID  PPID %CPU %MEM
28449 28448  100  0.0
13070 13065  0.7  2.4
13575 13554  0.3  0.6
13573 13554  0.1  2.2
13821    11  0.1  3.7
Date & Time of executing: Wed Feb  5 12:50:01 +0545 2025
  PID  PPID %CPU %MEM
13070 13065  0.7  2.4
13575 13554  0.3  0.6
13573 13554  0.1  2.2
13821    11  0.1  3.7
13115 13114  0.0  3.2
Date & Time of executing: Wed Feb  5 12:55:01 +0545 2025
  PID  PPID %CPU %MEM
31574 31573 50.0  0.0
31569 27908  9.0  0.0
13070 13065  0.7  2.4
13575 13554  0.3  0.6
13573 13554  0.1  2.2
Date & Time of executing: Wed Feb  5 13:00:01 +0545 2025
  PID  PPID %CPU %MEM
 1519  1518  100  0.0
 1516  1515 33.3  0.0
 1514 27908 25.0  0.0
13070 13065  0.6  2.4
13575 13554  0.2  0.6
Date & Time of executing: Wed Feb  5 13:05:01 +0545 2025
  PID  PPID %CPU %MEM
13070 13065  0.6  2.4
13575 13554  0.2  0.6
13573 13554  0.1  2.2
13821    11  0.1  3.7
13115 13114  0.0  3.2
Date & Time of executing: Wed Feb  5 13:10:01 +0545 2025
  PID  PPID %CPU %MEM
13070 13065  0.5  2.4
13575 13554  0.2  0.6
13573 13554  0.1  2.2
13821    11  0.1  3.7
13115 13114  0.0  3.2
Date & Time of executing: Wed Feb  5 13:15:01 +0545 2025
  PID  PPID %CPU %MEM
13070 13065  0.5  2.4
13575 13554  0.2  0.6
13573 13554  0.1  2.2
13821    11  0.0  3.7
13115 13114  0.0  3.2
